<?xml version="1.0" encoding="UTF-8"?>
<!-- Generated by org.testng.reporters.JUnitXMLReporter -->
<testsuite ignored="0" hostname="LIN66008841" failures="0" tests="3" name="Test" time="16.454" errors="0" timestamp="2024-07-03T15:09:28 IST">
  <testcase classname="testCases.T003_LoginDDT" name="verify_loginDDT" time="0.65"/>
  <testcase classname="testCases.T003_LoginDDT" name="verify_loginDDT" time="3.325"/>
  <testcase classname="testCases.T003_LoginDDT" name="verify_loginDDT" time="3.258"/>
</testsuite> <!-- Test -->
