<?xml version="1.0" encoding="UTF-8"?>
<!-- Generated by org.testng.reporters.JUnitXMLReporter -->
<testsuite ignored="0" hostname="LIN66008841" failures="1" tests="2" name="Test" time="16.935" errors="0" timestamp="2024-06-24T18:39:23 IST">
  <testcase classname="testCases.TC_001_LoginTest" name="verify_Login" time="0.923"/>
  <testcase classname="testCases.TC_002_ProductsTest" name="verify_products" time="3.14">
    <failure type="java.lang.AssertionError" message="expected [true] but found [false]">
      <![CDATA[java.lang.AssertionError: expected [true] but found [false]
at testCases.TC_002_ProductsTest.verify_products(TC_002_ProductsTest.java:20)
at java.base/java.util.ArrayList.forEach(ArrayList.java:1511)
... Removed 31 stack frames]]>
    </failure>
  </testcase> <!-- verify_products -->
</testsuite> <!-- Test -->
