<?xml version="1.0" encoding="UTF-8"?>
<testng-results ignored="0" total="3" passed="3" failed="0" skipped="0">
  <reporter-output>
  </reporter-output>
  <suite started-at="2024-07-03T15:09:12 IST" name="Master Suite" finished-at="2024-07-03T15:09:28 IST" duration-ms="16454">
    <groups>
    </groups>
    <test started-at="2024-07-03T15:09:12 IST" name="Test" finished-at="2024-07-03T15:09:28 IST" duration-ms="16454">
      <class name="testCases.T003_LoginDDT">
        <test-method is-config="true" signature="setup(java.lang.String,java.lang.String)[pri:0, instance:testCases.T003_LoginDDT@410954b]" started-at="2024-07-03T15:09:12 IST" name="setup" finished-at="2024-07-03T15:09:20 IST" duration-ms="8169" status="PASS">
          <params>
            <param index="0">
              <value>
                <![CDATA[Windows]]>
              </value>
            </param>
            <param index="1">
              <value>
                <![CDATA[chrome]]>
              </value>
            </param>
          </params>
          <reporter-output>
          </reporter-output>
        </test-method> <!-- setup -->
        <test-method signature="verify_loginDDT(java.lang.String,java.lang.String,java.lang.String)[pri:0, instance:testCases.T003_LoginDDT@410954b]" started-at="2024-07-03T15:09:21 IST" name="verify_loginDDT" data-provider="LoginData" finished-at="2024-07-03T15:09:22 IST" duration-ms="650" status="PASS">
          <params>
            <param index="0">
              <value>
                <![CDATA[standard_user]]>
              </value>
            </param>
            <param index="1">
              <value>
                <![CDATA[secret_sauce]]>
              </value>
            </param>
            <param index="2">
              <value>
                <![CDATA[Valid]]>
              </value>
            </param>
          </params>
          <reporter-output>
          </reporter-output>
        </test-method> <!-- verify_loginDDT -->
        <test-method signature="verify_loginDDT(java.lang.String,java.lang.String,java.lang.String)[pri:0, instance:testCases.T003_LoginDDT@410954b]" started-at="2024-07-03T15:09:22 IST" name="verify_loginDDT" data-provider="LoginData" finished-at="2024-07-03T15:09:25 IST" duration-ms="3325" status="PASS">
          <params>
            <param index="0">
              <value>
                <![CDATA[standard_user2]]>
              </value>
            </param>
            <param index="1">
              <value>
                <![CDATA[secret2]]>
              </value>
            </param>
            <param index="2">
              <value>
                <![CDATA[Invalid]]>
              </value>
            </param>
          </params>
          <reporter-output>
          </reporter-output>
        </test-method> <!-- verify_loginDDT -->
        <test-method signature="verify_loginDDT(java.lang.String,java.lang.String,java.lang.String)[pri:0, instance:testCases.T003_LoginDDT@410954b]" started-at="2024-07-03T15:09:25 IST" name="verify_loginDDT" data-provider="LoginData" finished-at="2024-07-03T15:09:28 IST" duration-ms="3258" status="PASS">
          <params>
            <param index="0">
              <value>
                <![CDATA[]]>
              </value>
            </param>
            <param index="1">
              <value>
                <![CDATA[raju]]>
              </value>
            </param>
            <param index="2">
              <value>
                <![CDATA[Invalid]]>
              </value>
            </param>
          </params>
          <reporter-output>
          </reporter-output>
        </test-method> <!-- verify_loginDDT -->
        <test-method is-config="true" signature="tearDown()[pri:0, instance:testCases.T003_LoginDDT@410954b]" started-at="2024-07-03T15:09:28 IST" name="tearDown" finished-at="2024-07-03T15:09:28 IST" duration-ms="1" status="PASS">
          <reporter-output>
          </reporter-output>
        </test-method> <!-- tearDown -->
      </class> <!-- testCases.T003_LoginDDT -->
    </test> <!-- Test -->
  </suite> <!-- Master Suite -->
</testng-results>
